1740727066.512309 client started (34030): version 3.5a, socket /private/tmp/tmux-501/default, protocol 8
1740727066.512399 on Darwin 24.3.0 Darwin Kernel Version 24.3.0: Thu Jan  2 20:24:23 PST 2025; root:xnu-11215.81.4~3/RELEASE_ARM64_T6020
1740727066.512413 using libevent 2.1.12-stable select
1740727066.512446 using utf8proc 2.10.0
1740727066.512455 using ncurses 6.5 20240427
1740727066.512474 flags are 0x10010000
1740727066.512481 socket is /private/tmp/tmux-501/default
1740727066.512493 trying connect
1740727066.512896 add peer 0x160048000: 6 (0x0)
1740727066.522253 sending message 111 to peer 0x160048000 (8 bytes)
1740727066.522268 sending message 111 to peer 0x160048000 (8 bytes)
1740727066.522275 sending message 101 to peer 0x160048000 (16 bytes)
1740727066.522281 sending message 109 to peer 0x160048000 (4 bytes)
1740727066.522287 sending message 102 to peer 0x160048000 (13 bytes)
1740727066.522293 sending message 108 to peer 0x160048000 (23 bytes)
1740727066.522299 sending message 112 to peer 0x160048000 (70 bytes)
1740727066.522305 sending message 112 to peer 0x160048000 (5 bytes)
1740727066.522311 sending message 112 to peer 0x160048000 (5 bytes)
1740727066.522316 sending message 112 to peer 0x160048000 (6 bytes)
1740727066.522322 sending message 112 to peer 0x160048000 (6 bytes)
1740727066.522327 sending message 112 to peer 0x160048000 (11 bytes)
1740727066.522332 sending message 112 to peer 0x160048000 (10 bytes)
1740727066.522338 sending message 112 to peer 0x160048000 (13 bytes)
1740727066.522343 sending message 112 to peer 0x160048000 (13 bytes)
1740727066.522348 sending message 112 to peer 0x160048000 (18 bytes)
1740727066.522354 sending message 112 to peer 0x160048000 (11 bytes)
1740727066.522359 sending message 112 to peer 0x160048000 (21 bytes)
1740727066.522364 sending message 112 to peer 0x160048000 (13 bytes)
1740727066.522369 sending message 112 to peer 0x160048000 (7 bytes)
1740727066.522375 sending message 112 to peer 0x160048000 (13 bytes)
1740727066.522380 sending message 112 to peer 0x160048000 (7 bytes)
1740727066.522386 sending message 112 to peer 0x160048000 (13 bytes)
1740727066.522391 sending message 112 to peer 0x160048000 (9 bytes)
1740727066.522397 sending message 112 to peer 0x160048000 (21 bytes)
1740727066.522402 sending message 112 to peer 0x160048000 (13 bytes)
1740727066.522407 sending message 112 to peer 0x160048000 (8 bytes)
1740727066.522412 sending message 112 to peer 0x160048000 (12 bytes)
1740727066.522418 sending message 112 to peer 0x160048000 (13 bytes)
1740727066.522423 sending message 112 to peer 0x160048000 (9 bytes)
1740727066.522428 sending message 112 to peer 0x160048000 (9 bytes)
1740727066.522433 sending message 112 to peer 0x160048000 (12 bytes)
1740727066.522439 sending message 112 to peer 0x160048000 (8 bytes)
1740727066.522444 sending message 112 to peer 0x160048000 (7 bytes)
1740727066.522449 sending message 112 to peer 0x160048000 (7 bytes)
1740727066.522454 sending message 112 to peer 0x160048000 (9 bytes)
1740727066.522460 sending message 112 to peer 0x160048000 (13 bytes)
1740727066.522465 sending message 112 to peer 0x160048000 (9 bytes)
1740727066.522470 sending message 112 to peer 0x160048000 (15 bytes)
1740727066.522475 sending message 112 to peer 0x160048000 (13 bytes)
1740727066.522481 sending message 112 to peer 0x160048000 (12 bytes)
1740727066.522486 sending message 112 to peer 0x160048000 (8 bytes)
1740727066.522491 sending message 112 to peer 0x160048000 (14 bytes)
1740727066.522497 sending message 112 to peer 0x160048000 (9 bytes)
1740727066.522503 sending message 112 to peer 0x160048000 (10 bytes)
1740727066.522508 sending message 112 to peer 0x160048000 (10 bytes)
1740727066.522514 sending message 112 to peer 0x160048000 (10 bytes)
1740727066.522519 sending message 112 to peer 0x160048000 (10 bytes)
1740727066.522525 sending message 112 to peer 0x160048000 (11 bytes)
1740727066.522530 sending message 112 to peer 0x160048000 (10 bytes)
1740727066.522558 sending message 112 to peer 0x160048000 (8 bytes)
1740727066.522563 sending message 112 to peer 0x160048000 (11 bytes)
1740727066.522584 sending message 112 to peer 0x160048000 (11 bytes)
1740727066.522589 sending message 112 to peer 0x160048000 (11 bytes)
1740727066.522593 sending message 112 to peer 0x160048000 (8 bytes)
1740727066.522597 sending message 112 to peer 0x160048000 (8 bytes)
1740727066.522600 sending message 112 to peer 0x160048000 (8 bytes)
1740727066.522604 sending message 112 to peer 0x160048000 (10 bytes)
1740727066.522608 sending message 112 to peer 0x160048000 (10 bytes)
1740727066.522612 sending message 112 to peer 0x160048000 (10 bytes)
1740727066.522615 sending message 112 to peer 0x160048000 (10 bytes)
1740727066.522619 sending message 112 to peer 0x160048000 (10 bytes)
1740727066.522623 sending message 112 to peer 0x160048000 (11 bytes)
1740727066.522627 sending message 112 to peer 0x160048000 (11 bytes)
1740727066.522631 sending message 112 to peer 0x160048000 (10 bytes)
1740727066.522635 sending message 112 to peer 0x160048000 (9 bytes)
1740727066.522638 sending message 112 to peer 0x160048000 (9 bytes)
1740727066.522643 sending message 112 to peer 0x160048000 (12 bytes)
1740727066.522647 sending message 112 to peer 0x160048000 (9 bytes)
1740727066.522651 sending message 112 to peer 0x160048000 (6 bytes)
1740727066.522654 sending message 112 to peer 0x160048000 (13 bytes)
1740727066.522658 sending message 112 to peer 0x160048000 (8 bytes)
1740727066.522662 sending message 112 to peer 0x160048000 (15 bytes)
1740727066.522666 sending message 112 to peer 0x160048000 (13 bytes)
1740727066.522669 sending message 112 to peer 0x160048000 (70 bytes)
1740727066.522673 sending message 112 to peer 0x160048000 (69 bytes)
1740727066.522677 sending message 112 to peer 0x160048000 (10 bytes)
1740727066.522681 sending message 112 to peer 0x160048000 (8 bytes)
1740727066.522685 sending message 112 to peer 0x160048000 (15 bytes)
1740727066.522689 sending message 112 to peer 0x160048000 (13 bytes)
1740727066.522693 sending message 112 to peer 0x160048000 (10 bytes)
1740727066.522696 sending message 112 to peer 0x160048000 (10 bytes)
1740727066.522701 sending message 112 to peer 0x160048000 (5 bytes)
1740727066.522706 sending message 112 to peer 0x160048000 (15 bytes)
1740727066.522712 sending message 104 to peer 0x160048000 (0 bytes)
1740727066.522718 sending message 110 to peer 0x160048000 (0 bytes)
1740727066.522722 sending message 107 to peer 0x160048000 (4 bytes)
1740727066.522726 sending message 105 to peer 0x160048000 (21 bytes)
1740727066.522729 sending message 105 to peer 0x160048000 (46 bytes)
1740727066.522733 sending message 105 to peer 0x160048000 (127 bytes)
1740727066.522737 sending message 105 to peer 0x160048000 (23 bytes)
1740727066.522741 sending message 105 to peer 0x160048000 (20 bytes)
1740727066.522745 sending message 105 to peer 0x160048000 (22 bytes)
1740727066.522750 sending message 105 to peer 0x160048000 (12 bytes)
1740727066.522753 sending message 105 to peer 0x160048000 (73 bytes)
1740727066.522757 sending message 105 to peer 0x160048000 (68 bytes)
1740727066.522761 sending message 105 to peer 0x160048000 (65 bytes)
1740727066.522765 sending message 105 to peer 0x160048000 (71 bytes)
1740727066.522770 sending message 105 to peer 0x160048000 (66 bytes)
1740727066.522773 sending message 105 to peer 0x160048000 (57 bytes)
1740727066.522777 sending message 105 to peer 0x160048000 (75 bytes)
1740727066.522781 sending message 105 to peer 0x160048000 (38 bytes)
1740727066.522785 sending message 105 to peer 0x160048000 (36 bytes)
1740727066.522788 sending message 105 to peer 0x160048000 (18 bytes)
1740727066.522792 sending message 105 to peer 0x160048000 (37 bytes)
1740727066.522796 sending message 105 to peer 0x160048000 (30 bytes)
1740727066.522800 sending message 105 to peer 0x160048000 (34 bytes)
1740727066.522803 sending message 105 to peer 0x160048000 (60 bytes)
1740727066.522807 sending message 105 to peer 0x160048000 (17 bytes)
1740727066.522811 sending message 105 to peer 0x160048000 (19 bytes)
1740727066.522816 sending message 105 to peer 0x160048000 (8 bytes)
1740727066.522820 sending message 105 to peer 0x160048000 (14 bytes)
1740727066.522833 sending message 105 to peer 0x160048000 (32 bytes)
1740727066.522837 sending message 105 to peer 0x160048000 (96 bytes)
1740727066.522843 sending message 105 to peer 0x160048000 (54 bytes)
1740727066.522848 sending message 105 to peer 0x160048000 (205 bytes)
1740727066.522853 sending message 105 to peer 0x160048000 (52 bytes)
1740727066.522858 sending message 105 to peer 0x160048000 (16 bytes)
1740727066.522862 sending message 105 to peer 0x160048000 (26 bytes)
1740727066.522866 sending message 105 to peer 0x160048000 (61 bytes)
1740727066.522870 sending message 105 to peer 0x160048000 (30 bytes)
1740727066.522874 sending message 105 to peer 0x160048000 (12 bytes)
1740727066.522878 sending message 105 to peer 0x160048000 (11 bytes)
1740727066.522883 sending message 105 to peer 0x160048000 (1153 bytes)
1740727066.522888 sending message 105 to peer 0x160048000 (27 bytes)
1740727066.522893 sending message 105 to peer 0x160048000 (24 bytes)
1740727066.522899 sending message 105 to peer 0x160048000 (15 bytes)
1740727066.522904 sending message 105 to peer 0x160048000 (8 bytes)
1740727066.522908 sending message 105 to peer 0x160048000 (66 bytes)
1740727066.522912 sending message 105 to peer 0x160048000 (21 bytes)
1740727066.522915 sending message 105 to peer 0x160048000 (63 bytes)
1740727066.522919 sending message 105 to peer 0x160048000 (18 bytes)
1740727066.522923 sending message 105 to peer 0x160048000 (26 bytes)
1740727066.522927 sending message 105 to peer 0x160048000 (57 bytes)
1740727066.522930 sending message 105 to peer 0x160048000 (43 bytes)
1740727066.522935 sending message 105 to peer 0x160048000 (14 bytes)
1740727066.522940 sending message 105 to peer 0x160048000 (53 bytes)
1740727066.522944 sending message 105 to peer 0x160048000 (11 bytes)
1740727066.522948 sending message 105 to peer 0x160048000 (12 bytes)
1740727066.522952 sending message 105 to peer 0x160048000 (98 bytes)
1740727066.522956 sending message 105 to peer 0x160048000 (14 bytes)
1740727066.522960 sending message 105 to peer 0x160048000 (19 bytes)
1740727066.522963 sending message 105 to peer 0x160048000 (28 bytes)
1740727066.522967 sending message 105 to peer 0x160048000 (26 bytes)
1740727066.522971 sending message 105 to peer 0x160048000 (22 bytes)
1740727066.522975 sending message 105 to peer 0x160048000 (43 bytes)
1740727066.522978 sending message 105 to peer 0x160048000 (32 bytes)
1740727066.522982 sending message 105 to peer 0x160048000 (61 bytes)
1740727066.522986 sending message 105 to peer 0x160048000 (17 bytes)
1740727066.522990 sending message 105 to peer 0x160048000 (10 bytes)
1740727066.522994 sending message 105 to peer 0x160048000 (25 bytes)
1740727066.522998 sending message 106 to peer 0x160048000 (0 bytes)
1740727066.523065 sending message 200 to peer 0x160048000 (4 bytes)
1740727066.523071 client loop enter
1740727066.523514 peer 0x160048000 message 303
1740727066.523533 open write file 2 -
1740727066.523565 sending message 305 to peer 0x160048000 (8 bytes)
1740727066.523580 write check file 2
1740727066.523636 peer 0x160048000 message 304
1740727066.523643 write 58 to file 2
1740727066.523648 peer 0x160048000 message 203
1740727066.523652 file 2 58 bytes left
1740727066.523668 write check file 2
1740727066.523672 client loop exit
